<?xml version="1.0" encoding="UTF-8"?>
<!-- Generated by org.testng.reporters.JUnitXMLReporter -->
<testsuite ignored="0" hostname="LAPTOP-GTAODCOD" failures="0" tests="3" name="Test" time="10.41" errors="0" timestamp="2022-04-26T20:37:54 IST">
  <testcase classname="Test.ZerodhaLoginTest" name="Forgotpassword" time="0.234"/>
  <testcase classname="Test.ZerodhaLoginTest" name="LoginWithValidCredentials" time="1.638"/>
  <testcase classname="Test.ZerodhaLoginTest" name="loginbutton" time="0.112"/>
</testsuite> <!-- Test -->
